2025-05-20T09:29:48.156-05:00  INFO 8864 --- [SysVentas] [main] p.e.u.s.SysVentasApplicationTests        : Starting SysVentasApplicationTests using Java 24 with PID 8864 (started by Datos in D:\ventas\POO-2025-G1-C2\SEGUNDA_UNIDAD\SysVentas)
2025-05-20T09:29:48.160-05:00  INFO 8864 --- [SysVentas] [main] p.e.u.s.SysVentasApplicationTests        : No active profile set, falling back to 1 default profile: "default"
2025-05-20T09:29:49.277-05:00  INFO 8864 --- [SysVentas] [main] .s.d.r.c.RepositoryConfigurationDelegate : Bootstrapping Spring Data JPA repositories in DEFAULT mode.
2025-05-20T09:29:49.394-05:00  INFO 8864 --- [SysVentas] [main] .s.d.r.c.RepositoryConfigurationDelegate : Finished Spring Data repository scanning in 108 ms. Found 15 JPA repository interfaces.
2025-05-20T09:29:49.977-05:00  INFO 8864 --- [SysVentas] [main] o.hibernate.jpa.internal.util.LogHelper  : HHH000204: Processing PersistenceUnitInfo [name: default]
2025-05-20T09:29:50.118-05:00  INFO 8864 --- [SysVentas] [main] org.hibernate.Version                    : HHH000412: Hibernate ORM core version 6.6.13.Final
2025-05-20T09:29:50.158-05:00  INFO 8864 --- [SysVentas] [main] o.h.c.internal.RegionFactoryInitiator    : HHH000026: Second-level cache disabled
2025-05-20T09:29:50.683-05:00  INFO 8864 --- [SysVentas] [main] o.s.o.j.p.SpringPersistenceUnitInfo      : No LoadTimeWeaver setup: ignoring JPA class transformer
2025-05-20T09:29:50.800-05:00  INFO 8864 --- [SysVentas] [main] com.zaxxer.hikari.HikariDataSource       : HikariPool-1 - Starting...
2025-05-20T09:29:50.994-05:00  INFO 8864 --- [SysVentas] [main] com.zaxxer.hikari.pool.HikariPool        : HikariPool-1 - Added connection org.sqlite.jdbc4.JDBC4Connection@1ae924f1
2025-05-20T09:29:51.000-05:00  INFO 8864 --- [SysVentas] [main] com.zaxxer.hikari.HikariDataSource       : HikariPool-1 - Start completed.
2025-05-20T09:29:51.091-05:00  INFO 8864 --- [SysVentas] [main] org.hibernate.orm.connections.pooling    : HHH10001005: Database info:
	Database JDBC URL [Connecting through datasource 'HikariDataSource (HikariPool-1)']
	Database driver: undefined/unknown
	Database version: 3.46
	Autocommit mode: undefined/unknown
	Isolation level: undefined/unknown
	Minimum pool size: undefined/unknown
	Maximum pool size: undefined/unknown
2025-05-20T09:29:52.677-05:00  INFO 8864 --- [SysVentas] [main] o.h.e.t.j.p.i.JtaPlatformInitiator       : HHH000489: No JTA platform available (set 'hibernate.transaction.jta.platform' to enable JTA platform integration)
2025-05-20T09:29:52.724-05:00  INFO 8864 --- [SysVentas] [main] j.LocalContainerEntityManagerFactoryBean : Initialized JPA EntityManagerFactory for persistence unit 'default'
2025-05-20T09:29:53.397-05:00  INFO 8864 --- [SysVentas] [main] o.s.d.j.r.query.QueryEnhancerFactory     : Hibernate is in classpath; If applicable, HQL parser will be used.
2025-05-20T09:29:54.079-05:00  INFO 8864 --- [SysVentas] [main] p.e.u.s.SysVentasApplicationTests        : Started SysVentasApplicationTests in 6.401 seconds (process running for 7.848)
2025-05-20T09:29:54.681-05:00  INFO 8864 --- [SysVentas] [SpringApplicationShutdownHook] j.LocalContainerEntityManagerFactoryBean : Closing JPA EntityManagerFactory for persistence unit 'default'
2025-05-20T09:29:54.683-05:00  INFO 8864 --- [SysVentas] [SpringApplicationShutdownHook] com.zaxxer.hikari.HikariDataSource       : HikariPool-1 - Shutdown initiated...
2025-05-20T09:29:54.686-05:00  INFO 8864 --- [SysVentas] [SpringApplicationShutdownHook] com.zaxxer.hikari.HikariDataSource       : HikariPool-1 - Shutdown completed.
2025-05-20T10:06:02.261-05:00  INFO 6288 --- [SysVentas] [JavaFX-Launcher] o.s.boot.SpringApplication               : Starting application using Java 17.0.12 with PID 6288 (started by Datos in D:\ventas\POO-2025-G1-C2\SEGUNDA_UNIDAD\SysVentas)
2025-05-20T10:06:02.264-05:00  INFO 6288 --- [SysVentas] [JavaFX-Launcher] o.s.boot.SpringApplication               : No active profile set, falling back to 1 default profile: "default"
2025-05-20T10:06:02.952-05:00  INFO 6288 --- [SysVentas] [JavaFX-Launcher] .s.d.r.c.RepositoryConfigurationDelegate : Bootstrapping Spring Data JPA repositories in DEFAULT mode.
2025-05-20T10:06:03.039-05:00  INFO 6288 --- [SysVentas] [JavaFX-Launcher] .s.d.r.c.RepositoryConfigurationDelegate : Finished Spring Data repository scanning in 79 ms. Found 15 JPA repository interfaces.
2025-05-20T10:06:03.489-05:00  INFO 6288 --- [SysVentas] [JavaFX-Launcher] o.hibernate.jpa.internal.util.LogHelper  : HHH000204: Processing PersistenceUnitInfo [name: default]
2025-05-20T10:06:03.551-05:00  INFO 6288 --- [SysVentas] [JavaFX-Launcher] org.hibernate.Version                    : HHH000412: Hibernate ORM core version 6.6.13.Final
2025-05-20T10:06:03.581-05:00  INFO 6288 --- [SysVentas] [JavaFX-Launcher] o.h.c.internal.RegionFactoryInitiator    : HHH000026: Second-level cache disabled
2025-05-20T10:06:03.896-05:00  INFO 6288 --- [SysVentas] [JavaFX-Launcher] o.s.o.j.p.SpringPersistenceUnitInfo      : No LoadTimeWeaver setup: ignoring JPA class transformer
2025-05-20T10:06:03.941-05:00  INFO 6288 --- [SysVentas] [JavaFX-Launcher] com.zaxxer.hikari.HikariDataSource       : HikariPool-1 - Starting...
2025-05-20T10:06:04.051-05:00  INFO 6288 --- [SysVentas] [JavaFX-Launcher] com.zaxxer.hikari.pool.HikariPool        : HikariPool-1 - Added connection org.sqlite.jdbc4.JDBC4Connection@52f650ab
2025-05-20T10:06:04.054-05:00  INFO 6288 --- [SysVentas] [JavaFX-Launcher] com.zaxxer.hikari.HikariDataSource       : HikariPool-1 - Start completed.
2025-05-20T10:06:04.106-05:00  INFO 6288 --- [SysVentas] [JavaFX-Launcher] org.hibernate.orm.connections.pooling    : HHH10001005: Database info:
	Database JDBC URL [Connecting through datasource 'HikariDataSource (HikariPool-1)']
	Database driver: undefined/unknown
	Database version: 3.46
	Autocommit mode: undefined/unknown
	Isolation level: undefined/unknown
	Minimum pool size: undefined/unknown
	Maximum pool size: undefined/unknown
2025-05-20T10:06:05.598-05:00  INFO 6288 --- [SysVentas] [JavaFX-Launcher] o.h.e.t.j.p.i.JtaPlatformInitiator       : HHH000489: No JTA platform available (set 'hibernate.transaction.jta.platform' to enable JTA platform integration)
2025-05-20T10:06:05.635-05:00  INFO 6288 --- [SysVentas] [JavaFX-Launcher] j.LocalContainerEntityManagerFactoryBean : Initialized JPA EntityManagerFactory for persistence unit 'default'
2025-05-20T10:06:06.103-05:00  INFO 6288 --- [SysVentas] [JavaFX-Launcher] o.s.d.j.r.query.QueryEnhancerFactory     : Hibernate is in classpath; If applicable, HQL parser will be used.
2025-05-20T10:06:06.496-05:00  INFO 6288 --- [SysVentas] [JavaFX-Launcher] o.s.boot.SpringApplication               : Started application in 5.073 seconds (process running for 6.084)
2025-05-20T10:06:06.739-05:00  INFO 6288 --- [SysVentas] [SpringApplicationShutdownHook] j.LocalContainerEntityManagerFactoryBean : Closing JPA EntityManagerFactory for persistence unit 'default'
2025-05-20T10:06:06.742-05:00  INFO 6288 --- [SysVentas] [SpringApplicationShutdownHook] com.zaxxer.hikari.HikariDataSource       : HikariPool-1 - Shutdown initiated...
2025-05-20T10:06:06.746-05:00  INFO 6288 --- [SysVentas] [SpringApplicationShutdownHook] com.zaxxer.hikari.HikariDataSource       : HikariPool-1 - Shutdown completed.
2025-05-20T10:06:59.712-05:00  INFO 4772 --- [SysVentas] [JavaFX-Launcher] o.s.boot.SpringApplication               : Starting application using Java 17.0.12 with PID 4772 (started by Datos in D:\ventas\POO-2025-G1-C2\SEGUNDA_UNIDAD\SysVentas)
2025-05-20T10:06:59.714-05:00  INFO 4772 --- [SysVentas] [JavaFX-Launcher] o.s.boot.SpringApplication               : No active profile set, falling back to 1 default profile: "default"
2025-05-20T10:07:00.462-05:00  INFO 4772 --- [SysVentas] [JavaFX-Launcher] .s.d.r.c.RepositoryConfigurationDelegate : Bootstrapping Spring Data JPA repositories in DEFAULT mode.
2025-05-20T10:07:00.569-05:00  INFO 4772 --- [SysVentas] [JavaFX-Launcher] .s.d.r.c.RepositoryConfigurationDelegate : Finished Spring Data repository scanning in 95 ms. Found 15 JPA repository interfaces.
2025-05-20T10:07:01.011-05:00  INFO 4772 --- [SysVentas] [JavaFX-Launcher] o.hibernate.jpa.internal.util.LogHelper  : HHH000204: Processing PersistenceUnitInfo [name: default]
2025-05-20T10:07:01.056-05:00  INFO 4772 --- [SysVentas] [JavaFX-Launcher] org.hibernate.Version                    : HHH000412: Hibernate ORM core version 6.6.13.Final
2025-05-20T10:07:01.097-05:00  INFO 4772 --- [SysVentas] [JavaFX-Launcher] o.h.c.internal.RegionFactoryInitiator    : HHH000026: Second-level cache disabled
2025-05-20T10:07:01.368-05:00  INFO 4772 --- [SysVentas] [JavaFX-Launcher] o.s.o.j.p.SpringPersistenceUnitInfo      : No LoadTimeWeaver setup: ignoring JPA class transformer
2025-05-20T10:07:01.430-05:00  INFO 4772 --- [SysVentas] [JavaFX-Launcher] com.zaxxer.hikari.HikariDataSource       : HikariPool-1 - Starting...
2025-05-20T10:07:01.542-05:00  INFO 4772 --- [SysVentas] [JavaFX-Launcher] com.zaxxer.hikari.pool.HikariPool        : HikariPool-1 - Added connection org.sqlite.jdbc4.JDBC4Connection@3c48605d
2025-05-20T10:07:01.544-05:00  INFO 4772 --- [SysVentas] [JavaFX-Launcher] com.zaxxer.hikari.HikariDataSource       : HikariPool-1 - Start completed.
2025-05-20T10:07:01.611-05:00  INFO 4772 --- [SysVentas] [JavaFX-Launcher] org.hibernate.orm.connections.pooling    : HHH10001005: Database info:
	Database JDBC URL [Connecting through datasource 'HikariDataSource (HikariPool-1)']
	Database driver: undefined/unknown
	Database version: 3.46
	Autocommit mode: undefined/unknown
	Isolation level: undefined/unknown
	Minimum pool size: undefined/unknown
	Maximum pool size: undefined/unknown
2025-05-20T10:07:03.037-05:00  INFO 4772 --- [SysVentas] [JavaFX-Launcher] o.h.e.t.j.p.i.JtaPlatformInitiator       : HHH000489: No JTA platform available (set 'hibernate.transaction.jta.platform' to enable JTA platform integration)
2025-05-20T10:07:03.071-05:00  INFO 4772 --- [SysVentas] [JavaFX-Launcher] j.LocalContainerEntityManagerFactoryBean : Initialized JPA EntityManagerFactory for persistence unit 'default'
2025-05-20T10:07:03.551-05:00  INFO 4772 --- [SysVentas] [JavaFX-Launcher] o.s.d.j.r.query.QueryEnhancerFactory     : Hibernate is in classpath; If applicable, HQL parser will be used.
2025-05-20T10:07:03.927-05:00  INFO 4772 --- [SysVentas] [JavaFX-Launcher] o.s.boot.SpringApplication               : Started application in 5.054 seconds (process running for 5.849)
2025-05-20T10:08:09.205-05:00  INFO 4772 --- [SysVentas] [SpringApplicationShutdownHook] j.LocalContainerEntityManagerFactoryBean : Closing JPA EntityManagerFactory for persistence unit 'default'
2025-05-20T10:08:09.211-05:00  INFO 4772 --- [SysVentas] [SpringApplicationShutdownHook] com.zaxxer.hikari.HikariDataSource       : HikariPool-1 - Shutdown initiated...
2025-05-20T10:08:09.219-05:00  INFO 4772 --- [SysVentas] [SpringApplicationShutdownHook] com.zaxxer.hikari.HikariDataSource       : HikariPool-1 - Shutdown completed.
